Сборка начата 5/20/2015 6:12:10 PM.
     1>Проект "C:\git-repos\Metrics\MetricAnalyzer\Wrap\Wrap.vcxproj" в узле 2 (целевые объекты Build).
     1>ClCompile:
         C:\Program Files (x86)\Microsoft Visual Studio 12.0\VC\bin\CL.exe /c /ZI /nologo /W3 /WX- /sdl /Od /Oy- /D WIN32 /D _DEBUG /D _WINDOWS /D _USRDLL /D WRAP_EXPORTS /D _WINDLL /D _UNICODE /D UNICODE /Gm /EHsc /RTC1 /MDd /GS /fp:precise /Zc:wchar_t /Zc:forScope /Yu"stdafx.h" /Fp"Debug\Wrap.pch" /Fo"Debug\\" /Fd"Debug\vc120.pdb" /Gd /TP /analyze- /errorReport:prompt Wrap.cpp
         Wrap.cpp
     1>c:\python27\include\pymath.h(22): warning C4273: round: несовместимая компоновка dll
                 c:\program files (x86)\microsoft visual studio 12.0\vc\include\math.h(516): см. предыдущее определение "round"
     1>c:\program files (x86)\microsoft visual studio 12.0\vc\include\xtgmath.h(190): warning C4273: _hypot: несовместимая компоновка dll
                 c:\program files (x86)\microsoft visual studio 12.0\vc\include\math.h(538): см. предыдущее определение "_hypot"
     1>c:\program files (x86)\microsoft visual studio 12.0\vc\include\xtgmath.h(206): warning C4273: round: несовместимая компоновка dll
                 c:\program files (x86)\microsoft visual studio 12.0\vc\include\math.h(516): см. предыдущее определение "round"
     1>c:\git-repos\metrics\metricanalyzer\metricanalyzer\readtxts.h(21): warning C4244: аргумент: преобразование "std::streamoff" в "unsigned int", возможна потеря данных
       Link:
         C:\Program Files (x86)\Microsoft Visual Studio 12.0\VC\bin\link.exe /ERRORREPORT:PROMPT /OUT:"C:\git-repos\Metrics\MetricAnalyzer\Debug\Wrap.pyd" /INCREMENTAL /NOLOGO kernel32.lib user32.lib gdi32.lib winspool.lib comdlg32.lib advapi32.lib shell32.lib ole32.lib oleaut32.lib uuid.lib odbc32.lib odbccp32.lib /MANIFEST /MANIFESTUAC:"level='asInvoker' uiAccess='false'" /manifest:embed /DEBUG /PDB:"C:\git-repos\Metrics\MetricAnalyzer\Debug\Wrap.pdb" /SUBSYSTEM:WINDOWS /TLBID:1 /DYNAMICBASE /NXCOMPAT /IMPLIB:"C:\git-repos\Metrics\MetricAnalyzer\Debug\Wrap.lib" /MACHINE:X86 /DLL Debug\dllmain.obj
         Debug\stdafx.obj
         Debug\Wrap.obj
            Создается библиотека C:\git-repos\Metrics\MetricAnalyzer\Debug\Wrap.lib и объект C:\git-repos\Metrics\MetricAnalyzer\Debug\Wrap.exp
         Wrap.vcxproj -> C:\git-repos\Metrics\MetricAnalyzer\Debug\Wrap.pyd
     1>Сборка проекта "C:\git-repos\Metrics\MetricAnalyzer\Wrap\Wrap.vcxproj" завершена (целевые объекты Build).

Сборка успешно завершена.

Затраченное время: 00:00:06.04
